# configure exec: ./configure --prefix=/home/julio/proyectos/sistemas_distribuidos/tarea_2/node_modules/node-rdkafka/build/deps --libdir=/home/julio/proyectos/sistemas_distribuidos/tarea_2/node_modules/node-rdkafka/build/deps --prefix=/home/julio/proyectos/sistemas_distribuidos/tarea_2/node_modules/node-rdkafka/build/deps --libdir=/home/julio/proyectos/sistemas_distribuidos/tarea_2/node_modules/node-rdkafka/build/deps
# On jue 20 oct 2022 23:16:45 -03
DBG 9508: Setting distro (distro) status to ok (action ignore)
DBG 9508: ccenv: WITH_CC:  --version failed: mklove/modules/configure.base: línea 1824: --version: orden no encontrada
DBG 9508: Setting ccenv (ccenv) status to failed (action cont)
DBG 9508: Check ccenv (WITH_CC, action cont (originally cont)) failed: command ' --version' failed:
mklove/modules/configure.base: línea 1824: --version: orden no encontrada
DBG 9508: Setting gcc (gcc) status to ok (action cont)
DBG 9508: cxxenv: WITH_CXX:  --version failed: mklove/modules/configure.base: línea 1824: --version: orden no encontrada
DBG 9508: Setting cxxenv (cxxenv) status to failed (action cont)
DBG 9508: Check cxxenv (WITH_CXX, action cont (originally cont)) failed: command ' --version' failed:
mklove/modules/configure.base: línea 1824: --version: orden no encontrada
DBG 9508: Setting gxx (gxx) status to ok (action cont)
DBG 9508: Setting ld (ld) status to ok (action disable)
DBG 9508: Setting nm (nm) status to ok (action disable)
DBG 9508: Setting objdump (objdump) status to ok (action disable)
DBG 9508: Setting strip (strip) status to ok (action disable)
DBG 9508: libtool: : libtool is not executable: 
DBG 9508: Setting libtool (libtool) status to failed (action disable)
DBG 9508: Check libtool (, action disable (originally disable)) failed: libtool is not executable
DBG 9508: Setting ranlib (ranlib) status to ok (action disable)
DBG 9508: Setting pkgconfig (pkgconfig) status to ok (action cont)
DBG 9508: Setting install (install) status to ok (action cont)
DBG 9508: Setting gnuar (gnuar) status to ok (action disable)
DBG 9508: Compile check PIC (HAVE_PIC) (sub=0): gcc  -g -O2 -Wall -Werror _mkltmpMcjSZ2.c -o _mkltmpMcjSZ2.c.o  -L/home/julio/proyectos/sistemas_distribuidos/tarea_2/node_modules/node-rdkafka/build/deps -fPIC 
DBG 9508: Setting PIC (PIC) status to ok (action disable)
DBG 9508: Compile check gnulib (WITH_GNULD) (sub=0): gcc  -g -O2 -fPIC -Wall -Werror _mkltmpCG2K2v.c -o _mkltmpCG2K2v.c.o  -L/home/julio/proyectos/sistemas_distribuidos/tarea_2/node_modules/node-rdkafka/build/deps -shared -Wl,-soname,mkltest.0 
DBG 9508: Setting gnulib (gnulib) status to ok (action cont)
DBG 9508: Compile check ldsflagvs () (sub=0): gcc  -g -O2 -fPIC -Wall -Werror _mkltmpJQYHj7.c -o _mkltmpJQYHj7.c.o  -L/home/julio/proyectos/sistemas_distribuidos/tarea_2/node_modules/node-rdkafka/build/deps -shared -Wl,--version-script=_mkltmpWqT9r2 
DBG 9508: Setting ldsflagvs (ldsflagvs) status to ok (action cont)
DBG 9508: Compile check __atomic_32 (HAVE_ATOMICS_32) (sub=0): gcc  -g -O2 -fPIC -Wall -Werror _mkltmpThiTeE.c -o _mkltmpThiTeE.c.o  -L/home/julio/proyectos/sistemas_distribuidos/tarea_2/node_modules/node-rdkafka/build/deps  
DBG 9508: Setting __atomic_32 (__atomic_32) status to ok (action cont)
DBG 9508: Compile check __atomic_64 (HAVE_ATOMICS_64) (sub=0): gcc  -g -O2 -fPIC -Wall -Werror _mkltmp2WLL7T.c -o _mkltmp2WLL7T.c.o  -L/home/julio/proyectos/sistemas_distribuidos/tarea_2/node_modules/node-rdkafka/build/deps  
DBG 9508: Setting __atomic_64 (__atomic_64) status to ok (action cont)
DBG 9508: Compile check socket () (sub=0): gcc  -g -O2 -fPIC -Wall -Wsign-compare -Wfloat-equal -Wpointer-arith -Wcast-align -Wall -Werror _mkltmpZRbtmf.c -o _mkltmpZRbtmf.c.o  -L/home/julio/proyectos/sistemas_distribuidos/tarea_2/node_modules/node-rdkafka/build/deps  
DBG 9508: Setting socket (socket) status to ok (action cont)
DBG 9508: Setting parseversion (parseversion) status to ok (action cont)
DBG 9508: pkg-config check librt for CFLAGS (): pkg-config --short-errors --cflags librt
DBG 9508: 'pkg-config --short-errors --cflags librt' failed: No package 'librt' found
DBG 9508: Setting librt_PKGCONFIG (librt_PKGCONFIG) status to failed (action cont)
DBG 9508: Check librt_PKGCONFIG (, action cont (originally cont)) failed: 'pkg-config --short-errors --cflags librt' failed:
No package 'librt' found
DBG 9508: librt: Check for static library (libs -lrt, arfile variable STATIC_LIB_librt=, static filenames )
DBG 9508: Compile check librt () (sub=0): gcc  -g -O2 -fPIC -Wall -Wsign-compare -Wfloat-equal -Wpointer-arith -Wcast-align -Wall -Werror _mkltmp3zU1gb.c -o _mkltmp3zU1gb.c.o  -L/home/julio/proyectos/sistemas_distribuidos/tarea_2/node_modules/node-rdkafka/build/deps -lrt 
DBG 9508: Setting librt (librt) status to ok (action cont)
DBG 9508: librt: from lib_check: LIBS: prepend -lrt
DBG 9508: pkg-config check libpthread for CFLAGS (): pkg-config --short-errors --cflags libpthread
DBG 9508: 'pkg-config --short-errors --cflags libpthread' failed: No package 'libpthread' found
DBG 9508: Setting libpthread_PKGCONFIG (libpthread_PKGCONFIG) status to failed (action cont)
DBG 9508: Check libpthread_PKGCONFIG (, action cont (originally cont)) failed: 'pkg-config --short-errors --cflags libpthread' failed:
No package 'libpthread' found
DBG 9508: libpthread: Check for static library (libs -lpthread, arfile variable STATIC_LIB_libpthread=, static filenames )
DBG 9508: Compile check libpthread () (sub=0): gcc  -g -O2 -fPIC -Wall -Wsign-compare -Wfloat-equal -Wpointer-arith -Wcast-align -Wall -Werror _mkltmpB7dtqG.c -o _mkltmpB7dtqG.c.o  -L/home/julio/proyectos/sistemas_distribuidos/tarea_2/node_modules/node-rdkafka/build/deps -lpthread -lrt
DBG 9508: Setting libpthread (libpthread) status to ok (action fail)
DBG 9508: libpthread: from lib_check: LIBS: prepend -lpthread
DBG 9508: pkg-config check c11threads for CFLAGS (WITH_C11THREADS): pkg-config --short-errors --cflags c11threads
DBG 9508: 'pkg-config --short-errors --cflags c11threads' failed: No package 'c11threads' found
DBG 9508: Setting c11threads_PKGCONFIG (c11threads_PKGCONFIG) status to failed (action cont)
DBG 9508: Check c11threads_PKGCONFIG (, action cont (originally cont)) failed: 'pkg-config --short-errors --cflags c11threads' failed:
No package 'c11threads' found
DBG 9508: c11threads: Check for static library (libs -lpthread -lrt, arfile variable STATIC_LIB_c11threads=, static filenames )
DBG 9508: Compile check c11threads (WITH_C11THREADS) (sub=0): gcc  -g -O2 -fPIC -Wall -Wsign-compare -Wfloat-equal -Wpointer-arith -Wcast-align -Wall -Werror _mkltmpCNBcgA.c -o _mkltmpCNBcgA.c.o  -L/home/julio/proyectos/sistemas_distribuidos/tarea_2/node_modules/node-rdkafka/build/deps -lpthread -lrt -lpthread -lrt
DBG 9508: Setting c11threads (c11threads) status to ok (action disable)
DBG 9508: c11threads: from lib_check: LIBS: prepend -lpthread -lrt
DBG 9508: pkg-config check libdl for CFLAGS (WITH_LIBDL): pkg-config --short-errors --cflags libdl
DBG 9508: 'pkg-config --short-errors --cflags libdl' failed: No package 'libdl' found
DBG 9508: Setting libdl_PKGCONFIG (libdl_PKGCONFIG) status to failed (action cont)
DBG 9508: Check libdl_PKGCONFIG (, action cont (originally cont)) failed: 'pkg-config --short-errors --cflags libdl' failed:
No package 'libdl' found
DBG 9508: libdl: Check for static library (libs -ldl, arfile variable STATIC_LIB_libdl=, static filenames )
DBG 9508: Compile check libdl (WITH_LIBDL) (sub=0): gcc  -g -O2 -fPIC -Wall -Wsign-compare -Wfloat-equal -Wpointer-arith -Wcast-align -Wall -Werror _mkltmpRcFOGc.c -o _mkltmpRcFOGc.c.o  -L/home/julio/proyectos/sistemas_distribuidos/tarea_2/node_modules/node-rdkafka/build/deps -ldl -lpthread -lrt -lpthread -lrt
DBG 9508: Setting libdl (libdl) status to ok (action disable)
DBG 9508: libdl: from lib_check: LIBS: prepend -ldl
DBG 9508: pkg-config check zlib for CFLAGS (WITH_ZLIB): pkg-config --short-errors --cflags zlib
DBG 9508: pkg-config check zlib for LIBS (WITH_ZLIB): pkg-config --short-errors --libs zlib
DBG 9508: zlib: from pkg-config: CFLAGS '', LIBS '-ldl -lpthread -lrt -lpthread -lrt'
DBG 9508: zlib: performing compile check using pkg-config info
DBG 9508: Compile check zlib (WITH_ZLIB) (sub=1): gcc  -g -O2 -fPIC -Wall -Wsign-compare -Wfloat-equal -Wpointer-arith -Wcast-align -Wall -Werror _mkltmp6JoEOw.c -o _mkltmp6JoEOw.c.o  -L/home/julio/proyectos/sistemas_distribuidos/tarea_2/node_modules/node-rdkafka/build/deps  -lz -ldl -lpthread -lrt -lpthread -lrt
DBG 9508: zlib: Check for static library (libs -lz, arfile variable STATIC_LIB_zlib=, static filenames libz.a)
DBG 9508: zlib: from pkg-config: LIBS: prepend -lz
DBG 9508: Setting zlib (zlib) status to ok (action cont)
DBG 9508: pkg-config check libcrypto for CFLAGS (): pkg-config --short-errors --cflags libcrypto
DBG 9508: pkg-config check libcrypto for LIBS (): pkg-config --short-errors --libs libcrypto
DBG 9508: libcrypto: from pkg-config: CFLAGS '', LIBS '-lz -ldl -lpthread -lrt -lpthread -lrt'
DBG 9508: libcrypto: performing compile check using pkg-config info
DBG 9508: Compile check libcrypto () (sub=1): gcc  -g -O2 -fPIC -Wall -Wsign-compare -Wfloat-equal -Wpointer-arith -Wcast-align -Wall -Werror _mkltmpgSJYGr.c -o _mkltmpgSJYGr.c.o  -L/home/julio/proyectos/sistemas_distribuidos/tarea_2/node_modules/node-rdkafka/build/deps  -lcrypto -lz -ldl -lpthread -lrt -lpthread -lrt
DBG 9508: libcrypto: Check for static library (libs -lcrypto, arfile variable STATIC_LIB_libcrypto=, static filenames libcrypto.a)
DBG 9508: libcrypto: from pkg-config: LIBS: prepend -lcrypto
DBG 9508: Setting libcrypto (libcrypto) status to ok (action cont)
DBG 9508: pkg-config check libssl for CFLAGS (WITH_SSL): pkg-config --short-errors --cflags libssl
DBG 9508: pkg-config check libssl for LIBS (WITH_SSL): pkg-config --short-errors --libs libssl
DBG 9508: libssl: from pkg-config: CFLAGS '', LIBS '-lcrypto -lz -ldl -lpthread -lrt -lpthread -lrt'
DBG 9508: libssl: performing compile check using pkg-config info
DBG 9508: Compile check libssl (WITH_SSL) (sub=1): gcc  -g -O2 -fPIC -Wall -Wsign-compare -Wfloat-equal -Wpointer-arith -Wcast-align -Wall -Werror _mkltmpkOZQvv.c -o _mkltmpkOZQvv.c.o  -L/home/julio/proyectos/sistemas_distribuidos/tarea_2/node_modules/node-rdkafka/build/deps  -lssl -lcrypto -lz -ldl -lpthread -lrt -lpthread -lrt
DBG 9508: libssl: Check for static library (libs -lssl, arfile variable STATIC_LIB_libssl=, static filenames libssl.a)
DBG 9508: libssl: from pkg-config: LIBS: prepend -lssl
DBG 9508: Setting libssl (libssl) status to ok (action cont)
DBG 9508: pkg-config check libsasl2 for CFLAGS (WITH_SASL_CYRUS): pkg-config --short-errors --cflags libsasl2
DBG 9508: 'pkg-config --short-errors --cflags libsasl2' failed: No package 'libsasl2' found
DBG 9508: Setting libsasl2_PKGCONFIG (libsasl2_PKGCONFIG) status to failed (action cont)
DBG 9508: Check libsasl2_PKGCONFIG (, action cont (originally cont)) failed: 'pkg-config --short-errors --cflags libsasl2' failed:
No package 'libsasl2' found
DBG 9508: libsasl2: Check for static library (libs -lsasl2, arfile variable STATIC_LIB_libsasl2=, static filenames )
DBG 9508: Compile check libsasl2 (WITH_SASL_CYRUS) (sub=0): gcc  -g -O2 -fPIC -Wall -Wsign-compare -Wfloat-equal -Wpointer-arith -Wcast-align -Wall -Werror _mkltmpL2aVoW.c -o _mkltmpL2aVoW.c.o  -L/home/julio/proyectos/sistemas_distribuidos/tarea_2/node_modules/node-rdkafka/build/deps -lsasl2 -lssl -lcrypto -lz -ldl -lpthread -lrt -lpthread -lrt
DBG 9508: compile check for libsasl2 (WITH_SASL_CYRUS) failed: gcc  -g -O2 -fPIC -Wall -Wsign-compare -Wfloat-equal -Wpointer-arith -Wcast-align -Wall -Werror _mkltmpL2aVoW.c -o _mkltmpL2aVoW.c.o  -L/home/julio/proyectos/sistemas_distribuidos/tarea_2/node_modules/node-rdkafka/build/deps -lsasl2 -lssl -lcrypto -lz -ldl -lpthread -lrt -lpthread -lrt: _mkltmpL2aVoW.c:3:10: fatal error: sasl/sasl.h: No existe el archivo o el directorio
    3 | #include <sasl/sasl.h>
      |          ^~~~~~~~~~~~~
compilation terminated.
DBG 9508: Setting libsasl2 (libsasl2) status to failed (action disable)
DBG 9508: Check libsasl2 (WITH_SASL_CYRUS, action disable (originally disable)) failed: compile check failed:
CC: CC
flags: -lsasl2
gcc  -g -O2 -fPIC -Wall -Wsign-compare -Wfloat-equal -Wpointer-arith -Wcast-align -Wall -Werror _mkltmpL2aVoW.c -o _mkltmpL2aVoW.c.o  -L/home/julio/proyectos/sistemas_distribuidos/tarea_2/node_modules/node-rdkafka/build/deps -lsasl2 -lssl -lcrypto -lz -ldl -lpthread -lrt -lpthread -lrt:
_mkltmpL2aVoW.c:3:10: fatal error: sasl/sasl.h: No existe el archivo o el directorio
    3 | #include <sasl/sasl.h>
      |          ^~~~~~~~~~~~~
compilation terminated.
source: 
#include <stddef.h>
#include <sasl/sasl.h>

DBG 9508: pkg-config check libsasl for CFLAGS (WITH_SASL_CYRUS): pkg-config --short-errors --cflags libsasl
DBG 9508: 'pkg-config --short-errors --cflags libsasl' failed: No package 'libsasl' found
DBG 9508: Setting libsasl_PKGCONFIG (libsasl_PKGCONFIG) status to failed (action cont)
DBG 9508: Check libsasl_PKGCONFIG (, action cont (originally cont)) failed: 'pkg-config --short-errors --cflags libsasl' failed:
No package 'libsasl' found
DBG 9508: libsasl: Check for static library (libs -lsasl, arfile variable STATIC_LIB_libsasl=, static filenames )
DBG 9508: Compile check libsasl (WITH_SASL_CYRUS) (sub=0): gcc  -g -O2 -fPIC -Wall -Wsign-compare -Wfloat-equal -Wpointer-arith -Wcast-align -Wall -Werror _mkltmpLtOM76.c -o _mkltmpLtOM76.c.o  -L/home/julio/proyectos/sistemas_distribuidos/tarea_2/node_modules/node-rdkafka/build/deps -lsasl -lssl -lcrypto -lz -ldl -lpthread -lrt -lpthread -lrt
DBG 9508: compile check for libsasl (WITH_SASL_CYRUS) failed: gcc  -g -O2 -fPIC -Wall -Wsign-compare -Wfloat-equal -Wpointer-arith -Wcast-align -Wall -Werror _mkltmpLtOM76.c -o _mkltmpLtOM76.c.o  -L/home/julio/proyectos/sistemas_distribuidos/tarea_2/node_modules/node-rdkafka/build/deps -lsasl -lssl -lcrypto -lz -ldl -lpthread -lrt -lpthread -lrt: _mkltmpLtOM76.c:3:10: fatal error: sasl/sasl.h: No existe el archivo o el directorio
    3 | #include <sasl/sasl.h>
      |          ^~~~~~~~~~~~~
compilation terminated.
DBG 9508: Setting libsasl (libsasl) status to failed (action disable)
DBG 9508: Check libsasl (WITH_SASL_CYRUS, action disable (originally disable)) failed: compile check failed:
CC: CC
flags: -lsasl
gcc  -g -O2 -fPIC -Wall -Wsign-compare -Wfloat-equal -Wpointer-arith -Wcast-align -Wall -Werror _mkltmpLtOM76.c -o _mkltmpLtOM76.c.o  -L/home/julio/proyectos/sistemas_distribuidos/tarea_2/node_modules/node-rdkafka/build/deps -lsasl -lssl -lcrypto -lz -ldl -lpthread -lrt -lpthread -lrt:
_mkltmpLtOM76.c:3:10: fatal error: sasl/sasl.h: No existe el archivo o el directorio
    3 | #include <sasl/sasl.h>
      |          ^~~~~~~~~~~~~
compilation terminated.
source: 
#include <stddef.h>
#include <sasl/sasl.h>

DBG 9508: pkg-config check libzstd for CFLAGS (WITH_ZSTD): pkg-config --short-errors --cflags libzstd
DBG 9508: 'pkg-config --short-errors --cflags libzstd' failed: No package 'libzstd' found
DBG 9508: Setting libzstd_PKGCONFIG (libzstd_PKGCONFIG) status to failed (action cont)
DBG 9508: Check libzstd_PKGCONFIG (, action cont (originally cont)) failed: 'pkg-config --short-errors --cflags libzstd' failed:
No package 'libzstd' found
DBG 9508: libzstd: Check for static library (libs -lzstd, arfile variable STATIC_LIB_libzstd=, static filenames libzstd.a)
DBG 9508: Compile check libzstd (WITH_ZSTD) (sub=0): gcc  -g -O2 -fPIC -Wall -Wsign-compare -Wfloat-equal -Wpointer-arith -Wcast-align -Wall -Werror _mkltmpsgdX3z.c -o _mkltmpsgdX3z.c.o  -L/home/julio/proyectos/sistemas_distribuidos/tarea_2/node_modules/node-rdkafka/build/deps -lzstd -lssl -lcrypto -lz -ldl -lpthread -lrt -lpthread -lrt
DBG 9508: compile check for libzstd (WITH_ZSTD) failed: gcc  -g -O2 -fPIC -Wall -Wsign-compare -Wfloat-equal -Wpointer-arith -Wcast-align -Wall -Werror _mkltmpsgdX3z.c -o _mkltmpsgdX3z.c.o  -L/home/julio/proyectos/sistemas_distribuidos/tarea_2/node_modules/node-rdkafka/build/deps -lzstd -lssl -lcrypto -lz -ldl -lpthread -lrt -lpthread -lrt: _mkltmpsgdX3z.c:2:10: fatal error: zstd.h: No existe el archivo o el directorio
    2 | #include <zstd.h>
      |          ^~~~~~~~
compilation terminated.
DBG 9508: Setting libzstd (libzstd) status to failed (action disable)
DBG 9508: Check libzstd (WITH_ZSTD, action disable (originally disable)) failed: compile check failed:
CC: CC
flags: -lzstd
gcc  -g -O2 -fPIC -Wall -Wsign-compare -Wfloat-equal -Wpointer-arith -Wcast-align -Wall -Werror _mkltmpsgdX3z.c -o _mkltmpsgdX3z.c.o  -L/home/julio/proyectos/sistemas_distribuidos/tarea_2/node_modules/node-rdkafka/build/deps -lzstd -lssl -lcrypto -lz -ldl -lpthread -lrt -lpthread -lrt:
_mkltmpsgdX3z.c:2:10: fatal error: zstd.h: No existe el archivo o el directorio
    2 | #include <zstd.h>
      |          ^~~~~~~~
compilation terminated.
source: 
#include <zstd.h>
#include <zstd_errors.h>

void foo (void) {
     ZSTD_getFrameContentSize(NULL, 0);
}

DBG 9508: pkg-config check libcurl for CFLAGS (WITH_CURL): pkg-config --short-errors --cflags libcurl
DBG 9508: 'pkg-config --short-errors --cflags libcurl' failed: No package 'libcurl' found
DBG 9508: Setting libcurl_PKGCONFIG (libcurl_PKGCONFIG) status to failed (action cont)
DBG 9508: Check libcurl_PKGCONFIG (, action cont (originally cont)) failed: 'pkg-config --short-errors --cflags libcurl' failed:
No package 'libcurl' found
DBG 9508: libcurl: Check for static library (libs -lcurl, arfile variable STATIC_LIB_libcurl=, static filenames libcurl.a)
DBG 9508: Compile check libcurl (WITH_CURL) (sub=0): gcc  -g -O2 -fPIC -Wall -Wsign-compare -Wfloat-equal -Wpointer-arith -Wcast-align -Wall -Werror _mkltmpSFT3Ol.c -o _mkltmpSFT3Ol.c.o  -L/home/julio/proyectos/sistemas_distribuidos/tarea_2/node_modules/node-rdkafka/build/deps -lcurl -lssl -lcrypto -lz -ldl -lpthread -lrt -lpthread -lrt
DBG 9508: compile check for libcurl (WITH_CURL) failed: gcc  -g -O2 -fPIC -Wall -Wsign-compare -Wfloat-equal -Wpointer-arith -Wcast-align -Wall -Werror _mkltmpSFT3Ol.c -o _mkltmpSFT3Ol.c.o  -L/home/julio/proyectos/sistemas_distribuidos/tarea_2/node_modules/node-rdkafka/build/deps -lcurl -lssl -lcrypto -lz -ldl -lpthread -lrt -lpthread -lrt: _mkltmpSFT3Ol.c:2:10: fatal error: curl/curl.h: No existe el archivo o el directorio
    2 | #include <curl/curl.h>
      |          ^~~~~~~~~~~~~
compilation terminated.
DBG 9508: Setting libcurl (libcurl) status to failed (action disable)
DBG 9508: Check libcurl (WITH_CURL, action disable (originally disable)) failed: compile check failed:
CC: CC
flags: -lcurl
gcc  -g -O2 -fPIC -Wall -Wsign-compare -Wfloat-equal -Wpointer-arith -Wcast-align -Wall -Werror _mkltmpSFT3Ol.c -o _mkltmpSFT3Ol.c.o  -L/home/julio/proyectos/sistemas_distribuidos/tarea_2/node_modules/node-rdkafka/build/deps -lcurl -lssl -lcrypto -lz -ldl -lpthread -lrt -lpthread -lrt:
_mkltmpSFT3Ol.c:2:10: fatal error: curl/curl.h: No existe el archivo o el directorio
    2 | #include <curl/curl.h>
      |          ^~~~~~~~~~~~~
compilation terminated.
source: 
#include <curl/curl.h>

void foo (void) {
     curl_global_init(CURL_GLOBAL_DEFAULT);
}

DBG 9508: pkg-config check libm for CFLAGS (): pkg-config --short-errors --cflags libm
DBG 9508: 'pkg-config --short-errors --cflags libm' failed: No package 'libm' found
DBG 9508: Setting libm_PKGCONFIG (libm_PKGCONFIG) status to failed (action cont)
DBG 9508: Check libm_PKGCONFIG (, action cont (originally cont)) failed: 'pkg-config --short-errors --cflags libm' failed:
No package 'libm' found
DBG 9508: libm: Check for static library (libs -lm, arfile variable STATIC_LIB_libm=, static filenames )
DBG 9508: Compile check libm () (sub=0): gcc  -g -O2 -fPIC -Wall -Wsign-compare -Wfloat-equal -Wpointer-arith -Wcast-align -Wall -Werror _mkltmpxA4umu.c -o _mkltmpxA4umu.c.o  -L/home/julio/proyectos/sistemas_distribuidos/tarea_2/node_modules/node-rdkafka/build/deps -lm -lssl -lcrypto -lz -ldl -lpthread -lrt -lpthread -lrt
DBG 9508: Setting libm (libm) status to ok (action disable)
DBG 9508: libm: from lib_check: LIBS: prepend -lm
DBG 9508: pkg-config check liblz4 for CFLAGS (WITH_LZ4_EXT): pkg-config --short-errors --cflags liblz4
DBG 9508: 'pkg-config --short-errors --cflags liblz4' failed: No package 'liblz4' found
DBG 9508: Setting liblz4_PKGCONFIG (liblz4_PKGCONFIG) status to failed (action cont)
DBG 9508: Check liblz4_PKGCONFIG (, action cont (originally cont)) failed: 'pkg-config --short-errors --cflags liblz4' failed:
No package 'liblz4' found
DBG 9508: liblz4: Check for static library (libs -llz4, arfile variable STATIC_LIB_liblz4=, static filenames liblz4.a)
DBG 9508: Compile check liblz4 (WITH_LZ4_EXT) (sub=0): gcc  -g -O2 -fPIC -Wall -Wsign-compare -Wfloat-equal -Wpointer-arith -Wcast-align -Wall -Werror _mkltmpwm9Tm0.c -o _mkltmpwm9Tm0.c.o  -L/home/julio/proyectos/sistemas_distribuidos/tarea_2/node_modules/node-rdkafka/build/deps -llz4 -lm -lssl -lcrypto -lz -ldl -lpthread -lrt -lpthread -lrt
DBG 9508: compile check for liblz4 (WITH_LZ4_EXT) failed: gcc  -g -O2 -fPIC -Wall -Wsign-compare -Wfloat-equal -Wpointer-arith -Wcast-align -Wall -Werror _mkltmpwm9Tm0.c -o _mkltmpwm9Tm0.c.o  -L/home/julio/proyectos/sistemas_distribuidos/tarea_2/node_modules/node-rdkafka/build/deps -llz4 -lm -lssl -lcrypto -lz -ldl -lpthread -lrt -lpthread -lrt: _mkltmpwm9Tm0.c:1:10: fatal error: lz4frame.h: No existe el archivo o el directorio
    1 | #include <lz4frame.h>
      |          ^~~~~~~~~~~~
compilation terminated.
DBG 9508: Setting liblz4 (liblz4) status to failed (action disable)
DBG 9508: Check liblz4 (WITH_LZ4_EXT, action disable (originally disable)) failed: compile check failed:
CC: CC
flags: -llz4
gcc  -g -O2 -fPIC -Wall -Wsign-compare -Wfloat-equal -Wpointer-arith -Wcast-align -Wall -Werror _mkltmpwm9Tm0.c -o _mkltmpwm9Tm0.c.o  -L/home/julio/proyectos/sistemas_distribuidos/tarea_2/node_modules/node-rdkafka/build/deps -llz4 -lm -lssl -lcrypto -lz -ldl -lpthread -lrt -lpthread -lrt:
_mkltmpwm9Tm0.c:1:10: fatal error: lz4frame.h: No existe el archivo o el directorio
    1 | #include <lz4frame.h>
      |          ^~~~~~~~~~~~
compilation terminated.
source: #include <lz4frame.h>
DBG 9508: Compile check syslog (WITH_SYSLOG) (sub=0): gcc  -g -O2 -fPIC -Wall -Wsign-compare -Wfloat-equal -Wpointer-arith -Wcast-align -Wall -Werror _mkltmp5S1MFH.c -o _mkltmp5S1MFH.c.o  -L/home/julio/proyectos/sistemas_distribuidos/tarea_2/node_modules/node-rdkafka/build/deps  -lm -lssl -lcrypto -lz -ldl -lpthread -lrt -lpthread -lrt
DBG 9508: Setting syslog (syslog) status to ok (action disable)
DBG 9508: Compile check rapidjson (WITH_RAPIDJSON) (sub=0): g++  -g -O2 -fPIC -Wall -Wsign-compare -Wfloat-equal -Wpointer-arith -Wcast-align -Wall -Werror _mkltmpaEN7vI.cpp -o _mkltmpaEN7vI.cpp.o  -L/home/julio/proyectos/sistemas_distribuidos/tarea_2/node_modules/node-rdkafka/build/deps  -lm -lssl -lcrypto -lz -ldl -lpthread -lrt -lpthread -lrt
DBG 9508: compile check for rapidjson (WITH_RAPIDJSON) failed: g++  -g -O2 -fPIC -Wall -Wsign-compare -Wfloat-equal -Wpointer-arith -Wcast-align -Wall -Werror _mkltmpaEN7vI.cpp -o _mkltmpaEN7vI.cpp.o  -L/home/julio/proyectos/sistemas_distribuidos/tarea_2/node_modules/node-rdkafka/build/deps  -lm -lssl -lcrypto -lz -ldl -lpthread -lrt -lpthread -lrt: _mkltmpaEN7vI.cpp:1:10: fatal error: rapidjson/schema.h: No existe el archivo o el directorio
    1 | #include <rapidjson/schema.h>
      |          ^~~~~~~~~~~~~~~~~~~~
compilation terminated.
DBG 9508: Setting rapidjson (rapidjson) status to failed (action disable)
DBG 9508: Check rapidjson (WITH_RAPIDJSON, action disable (originally disable)) failed: compile check failed:
CC: CXX
flags: 
g++  -g -O2 -fPIC -Wall -Wsign-compare -Wfloat-equal -Wpointer-arith -Wcast-align -Wall -Werror _mkltmpaEN7vI.cpp -o _mkltmpaEN7vI.cpp.o  -L/home/julio/proyectos/sistemas_distribuidos/tarea_2/node_modules/node-rdkafka/build/deps  -lm -lssl -lcrypto -lz -ldl -lpthread -lrt -lpthread -lrt:
_mkltmpaEN7vI.cpp:1:10: fatal error: rapidjson/schema.h: No existe el archivo o el directorio
    1 | #include <rapidjson/schema.h>
      |          ^~~~~~~~~~~~~~~~~~~~
compilation terminated.
source: #include <rapidjson/schema.h>
DBG 9508: Compile check crc32chw (WITH_CRC32C_HW) (sub=0): gcc  -g -O2 -fPIC -Wall -Wsign-compare -Wfloat-equal -Wpointer-arith -Wcast-align -Wall -Werror _mkltmpDQZR16.c -o _mkltmpDQZR16.c.o  -L/home/julio/proyectos/sistemas_distribuidos/tarea_2/node_modules/node-rdkafka/build/deps  -lm -lssl -lcrypto -lz -ldl -lpthread -lrt -lpthread -lrt
DBG 9508: Setting crc32chw (crc32chw) status to ok (action disable)
DBG 9508: Compile check regex (HAVE_REGEX) (sub=0): gcc  -g -O2 -fPIC -Wall -Wsign-compare -Wfloat-equal -Wpointer-arith -Wcast-align -Wall -Werror _mkltmpw2RSVI.c -o _mkltmpw2RSVI.c.o  -L/home/julio/proyectos/sistemas_distribuidos/tarea_2/node_modules/node-rdkafka/build/deps  -lm -lssl -lcrypto -lz -ldl -lpthread -lrt -lpthread -lrt
DBG 9508: Setting regex (regex) status to ok (action disable)
DBG 9508: Compile check rand_r (HAVE_RAND_R) (sub=0): gcc  -g -O2 -fPIC -Wall -Wsign-compare -Wfloat-equal -Wpointer-arith -Wcast-align -Wall -Werror _mkltmpJnOPYt.c -o _mkltmpJnOPYt.c.o  -L/home/julio/proyectos/sistemas_distribuidos/tarea_2/node_modules/node-rdkafka/build/deps  -lm -lssl -lcrypto -lz -ldl -lpthread -lrt -lpthread -lrt
DBG 9508: Setting rand_r (rand_r) status to ok (action disable)
DBG 9508: Compile check strndup (HAVE_STRNDUP) (sub=0): gcc  -g -O2 -fPIC -Wall -Wsign-compare -Wfloat-equal -Wpointer-arith -Wcast-align -Wall -Werror _mkltmpuoyaD7.c -o _mkltmpuoyaD7.c.o  -L/home/julio/proyectos/sistemas_distribuidos/tarea_2/node_modules/node-rdkafka/build/deps  -lm -lssl -lcrypto -lz -ldl -lpthread -lrt -lpthread -lrt
DBG 9508: Setting strndup (strndup) status to ok (action disable)
DBG 9508: Compile check strlcpy (HAVE_STRLCPY) (sub=0): gcc  -g -O2 -fPIC -Wall -Wsign-compare -Wfloat-equal -Wpointer-arith -Wcast-align -Wall -Werror _mkltmppgNg4X.c -o _mkltmppgNg4X.c.o  -L/home/julio/proyectos/sistemas_distribuidos/tarea_2/node_modules/node-rdkafka/build/deps  -lm -lssl -lcrypto -lz -ldl -lpthread -lrt -lpthread -lrt
DBG 9508: compile check for strlcpy (HAVE_STRLCPY) failed: gcc  -g -O2 -fPIC -Wall -Wsign-compare -Wfloat-equal -Wpointer-arith -Wcast-align -Wall -Werror _mkltmppgNg4X.c -o _mkltmppgNg4X.c.o  -L/home/julio/proyectos/sistemas_distribuidos/tarea_2/node_modules/node-rdkafka/build/deps  -lm -lssl -lcrypto -lz -ldl -lpthread -lrt -lpthread -lrt: _mkltmppgNg4X.c: In function ‘foo’:
_mkltmppgNg4X.c:6:11: error: implicit declaration of function ‘strlcpy’; did you mean ‘strncpy’? [-Werror=implicit-function-declaration]
    6 |    return strlcpy(dest, "something", sizeof(dest));
      |           ^~~~~~~
      |           strncpy
cc1: all warnings being treated as errors
DBG 9508: Setting strlcpy (strlcpy) status to failed (action disable)
DBG 9508: Check strlcpy (HAVE_STRLCPY, action disable (originally disable)) failed: compile check failed:
CC: CC
flags: 
gcc  -g -O2 -fPIC -Wall -Wsign-compare -Wfloat-equal -Wpointer-arith -Wcast-align -Wall -Werror _mkltmppgNg4X.c -o _mkltmppgNg4X.c.o  -L/home/julio/proyectos/sistemas_distribuidos/tarea_2/node_modules/node-rdkafka/build/deps  -lm -lssl -lcrypto -lz -ldl -lpthread -lrt -lpthread -lrt:
_mkltmppgNg4X.c: In function ‘foo’:
_mkltmppgNg4X.c:6:11: error: implicit declaration of function ‘strlcpy’; did you mean ‘strncpy’? [-Werror=implicit-function-declaration]
    6 |    return strlcpy(dest, "something", sizeof(dest));
      |           ^~~~~~~
      |           strncpy
cc1: all warnings being treated as errors
source: 
#define _DARWIN_C_SOURCE
#include <string.h>
int foo (void) {
    char dest[4];
   return strlcpy(dest, "something", sizeof(dest));
}
DBG 9508: Compile check strerror_r (HAVE_STRERROR_R) (sub=0): gcc  -g -O2 -fPIC -Wall -Wsign-compare -Wfloat-equal -Wpointer-arith -Wcast-align -Wall -Werror _mkltmpIL7vsl.c -o _mkltmpIL7vsl.c.o  -L/home/julio/proyectos/sistemas_distribuidos/tarea_2/node_modules/node-rdkafka/build/deps  -lm -lssl -lcrypto -lz -ldl -lpthread -lrt -lpthread -lrt
DBG 9508: Setting strerror_r (strerror_r) status to ok (action disable)
DBG 9508: Compile check strcasestr (HAVE_STRCASESTR) (sub=0): gcc  -g -O2 -fPIC -Wall -Wsign-compare -Wfloat-equal -Wpointer-arith -Wcast-align -Wall -Werror _mkltmpV6TkXK.c -o _mkltmpV6TkXK.c.o  -L/home/julio/proyectos/sistemas_distribuidos/tarea_2/node_modules/node-rdkafka/build/deps  -lm -lssl -lcrypto -lz -ldl -lpthread -lrt -lpthread -lrt
DBG 9508: Setting strcasestr (strcasestr) status to ok (action disable)
DBG 9508: Compile check pthread_setname_gnu (HAVE_PTHREAD_SETNAME_GNU) (sub=0): gcc  -g -O2 -fPIC -Wall -Wsign-compare -Wfloat-equal -Wpointer-arith -Wcast-align -Wall -Werror _mkltmp3MGjk7.c -o _mkltmp3MGjk7.c.o  -L/home/julio/proyectos/sistemas_distribuidos/tarea_2/node_modules/node-rdkafka/build/deps -D_GNU_SOURCE -lpthread -lm -lssl -lcrypto -lz -ldl -lpthread -lrt -lpthread -lrt
DBG 9508: Setting pthread_setname_gnu (pthread_setname_gnu) status to ok (action disable)
DBG 9508: Setting nm (nm) status to ok (action cont)
DBG 9508: Setting python3 (python3) status to ok (action disable)
DBG 9508: Compile check getrusage (HAVE_GETRUSAGE) (sub=0): gcc  -g -O2 -fPIC -Wall -Wsign-compare -Wfloat-equal -Wpointer-arith -Wcast-align -Wall -Werror _mkltmp6ulBaj.c -o _mkltmp6ulBaj.c.o  -L/home/julio/proyectos/sistemas_distribuidos/tarea_2/node_modules/node-rdkafka/build/deps  -lm -lssl -lcrypto -lz -ldl -lpthread -lrt -lpthread -lrt
DBG 9508: Setting getrusage (getrusage) status to ok (action disable)
